{"C:\\Users\\Dewdr\\Desktop\\IDBSCodingChallenge\\polynomial.js": {"path":"C:\\Users\\Dewdr\\Desktop\\IDBSCodingChallenge\\polynomial.js","statementMap":{"0":{"start":{"line":3,"column":8},"end":{"line":3,"column":38}},"1":{"start":{"line":7,"column":4},"end":{"line":11,"column":5}},"2":{"start":{"line":8,"column":8},"end":{"line":8,"column":24}},"3":{"start":{"line":10,"column":8},"end":{"line":10,"column":35}},"4":{"start":{"line":12,"column":8},"end":{"line":12,"column":19}},"5":{"start":{"line":19,"column":19},"end":{"line":19,"column":32}},"6":{"start":{"line":20,"column":25},"end":{"line":20,"column":44}},"7":{"start":{"line":21,"column":34},"end":{"line":21,"column":50}},"8":{"start":{"line":23,"column":28},"end":{"line":25,"column":10}},"9":{"start":{"line":27,"column":26},"end":{"line":30,"column":9}},"10":{"start":{"line":28,"column":12},"end":{"line":28,"column":37}},"11":{"start":{"line":29,"column":8},"end":{"line":29,"column":44}},"12":{"start":{"line":32,"column":8},"end":{"line":32,"column":42}},"13":{"start":{"line":39,"column":28},"end":{"line":39,"column":42}},"14":{"start":{"line":40,"column":21},"end":{"line":40,"column":38}},"15":{"start":{"line":41,"column":8},"end":{"line":41,"column":113}},"16":{"start":{"line":42,"column":8},"end":{"line":42,"column":105}},"17":{"start":{"line":43,"column":24},"end":{"line":43,"column":37}},"18":{"start":{"line":44,"column":28},"end":{"line":44,"column":63}},"19":{"start":{"line":45,"column":23},"end":{"line":45,"column":44}},"20":{"start":{"line":46,"column":24},"end":{"line":46,"column":49}},"21":{"start":{"line":47,"column":22},"end":{"line":63,"column":14}},"22":{"start":{"line":48,"column":46},"end":{"line":48,"column":79}},"23":{"start":{"line":49,"column":8},"end":{"line":49,"column":67}},"24":{"start":{"line":50,"column":12},"end":{"line":55,"column":13}},"25":{"start":{"line":51,"column":16},"end":{"line":51,"column":111}},"26":{"start":{"line":53,"column":16},"end":{"line":53,"column":38}},"27":{"start":{"line":54,"column":16},"end":{"line":54,"column":31}},"28":{"start":{"line":56,"column":12},"end":{"line":62,"column":17}},"29":{"start":{"line":57,"column":16},"end":{"line":57,"column":70}},"30":{"start":{"line":59,"column":40},"end":{"line":59,"column":60}},"31":{"start":{"line":60,"column":16},"end":{"line":60,"column":45}},"32":{"start":{"line":61,"column":16},"end":{"line":61,"column":86}},"33":{"start":{"line":64,"column":8},"end":{"line":64,"column":41}},"34":{"start":{"line":70,"column":8},"end":{"line":86,"column":5}},"35":{"start":{"line":71,"column":8},"end":{"line":71,"column":34}},"36":{"start":{"line":71,"column":25},"end":{"line":71,"column":34}},"37":{"start":{"line":73,"column":21},"end":{"line":73,"column":27}},"38":{"start":{"line":74,"column":24},"end":{"line":74,"column":30}},"39":{"start":{"line":77,"column":8},"end":{"line":82,"column":9}},"40":{"start":{"line":78,"column":12},"end":{"line":80,"column":13}},"41":{"start":{"line":79,"column":16},"end":{"line":79,"column":36}},"42":{"start":{"line":81,"column":12},"end":{"line":81,"column":31}},"43":{"start":{"line":83,"column":8},"end":{"line":83,"column":22}},"44":{"start":{"line":85,"column":8},"end":{"line":85,"column":31}},"45":{"start":{"line":91,"column":8},"end":{"line":106,"column":9}},"46":{"start":{"line":92,"column":22},"end":{"line":92,"column":23}},"47":{"start":{"line":93,"column":8},"end":{"line":102,"column":9}},"48":{"start":{"line":94,"column":10},"end":{"line":96,"column":16}},"49":{"start":{"line":94,"column":22},"end":{"line":94,"column":23}},"50":{"start":{"line":95,"column":13},"end":{"line":95,"column":31}},"51":{"start":{"line":98,"column":10},"end":{"line":100,"column":14}},"52":{"start":{"line":98,"column":22},"end":{"line":98,"column":23}},"53":{"start":{"line":99,"column":14},"end":{"line":99,"column":32}},"54":{"start":{"line":101,"column":10},"end":{"line":101,"column":25}},"55":{"start":{"line":103,"column":8},"end":{"line":103,"column":23}},"56":{"start":{"line":105,"column":12},"end":{"line":105,"column":35}},"57":{"start":{"line":111,"column":22},"end":{"line":111,"column":23}},"58":{"start":{"line":112,"column":30},"end":{"line":112,"column":32}},"59":{"start":{"line":113,"column":31},"end":{"line":113,"column":53}},"60":{"start":{"line":114,"column":28},"end":{"line":114,"column":55}},"61":{"start":{"line":116,"column":9},"end":{"line":131,"column":10}},"62":{"start":{"line":117,"column":12},"end":{"line":130,"column":13}},"63":{"start":{"line":118,"column":16},"end":{"line":120,"column":17}},"64":{"start":{"line":118,"column":28},"end":{"line":118,"column":29}},"65":{"start":{"line":119,"column":17},"end":{"line":119,"column":138}},"66":{"start":{"line":121,"column":19},"end":{"line":130,"column":13}},"67":{"start":{"line":122,"column":40},"end":{"line":122,"column":65}},"68":{"start":{"line":123,"column":20},"end":{"line":125,"column":24}},"69":{"start":{"line":123,"column":32},"end":{"line":123,"column":33}},"70":{"start":{"line":124,"column":24},"end":{"line":124,"column":177}},"71":{"start":{"line":127,"column":16},"end":{"line":127,"column":39}},"72":{"start":{"line":128,"column":16},"end":{"line":128,"column":66}},"73":{"start":{"line":129,"column":16},"end":{"line":129,"column":307}},"74":{"start":{"line":132,"column":9},"end":{"line":132,"column":47}},"75":{"start":{"line":133,"column":9},"end":{"line":133,"column":78}},"76":{"start":{"line":137,"column":5},"end":{"line":137,"column":37}}},"fnMap":{"0":{"name":"(anonymous_0)","decl":{"start":{"line":2,"column":4},"end":{"line":2,"column":5}},"loc":{"start":{"line":2,"column":17},"end":{"line":4,"column":5}},"line":2},"1":{"name":"(anonymous_1)","decl":{"start":{"line":6,"column":4},"end":{"line":6,"column":5}},"loc":{"start":{"line":6,"column":21},"end":{"line":13,"column":5}},"line":6},"2":{"name":"(anonymous_2)","decl":{"start":{"line":18,"column":4},"end":{"line":18,"column":5}},"loc":{"start":{"line":18,"column":25},"end":{"line":33,"column":5}},"line":18},"3":{"name":"(anonymous_3)","decl":{"start":{"line":27,"column":26},"end":{"line":27,"column":27}},"loc":{"start":{"line":27,"column":36},"end":{"line":30,"column":9}},"line":27},"4":{"name":"(anonymous_4)","decl":{"start":{"line":38,"column":4},"end":{"line":38,"column":5}},"loc":{"start":{"line":38,"column":24},"end":{"line":66,"column":5}},"line":38},"5":{"name":"(anonymous_5)","decl":{"start":{"line":47,"column":34},"end":{"line":47,"column":35}},"loc":{"start":{"line":47,"column":42},"end":{"line":63,"column":13}},"line":47},"6":{"name":"(anonymous_6)","decl":{"start":{"line":69,"column":4},"end":{"line":69,"column":5}},"loc":{"start":{"line":69,"column":23},"end":{"line":87,"column":5}},"line":69},"7":{"name":"(anonymous_7)","decl":{"start":{"line":90,"column":4},"end":{"line":90,"column":5}},"loc":{"start":{"line":90,"column":41},"end":{"line":107,"column":8}},"line":90},"8":{"name":"(anonymous_8)","decl":{"start":{"line":110,"column":4},"end":{"line":110,"column":5}},"loc":{"start":{"line":110,"column":14},"end":{"line":134,"column":9}},"line":110}},"branchMap":{"0":{"loc":{"start":{"line":41,"column":17},"end":{"line":41,"column":112}},"type":"cond-expr","locations":[{"start":{"line":41,"column":58},"end":{"line":41,"column":83}},{"start":{"line":41,"column":86},"end":{"line":41,"column":112}}],"line":41},"1":{"loc":{"start":{"line":42,"column":24},"end":{"line":42,"column":104}},"type":"cond-expr","locations":[{"start":{"line":42,"column":57},"end":{"line":42,"column":79}},{"start":{"line":42,"column":82},"end":{"line":42,"column":104}}],"line":42},"2":{"loc":{"start":{"line":49,"column":17},"end":{"line":49,"column":66}},"type":"cond-expr","locations":[{"start":{"line":49,"column":48},"end":{"line":49,"column":58}},{"start":{"line":49,"column":61},"end":{"line":49,"column":66}}],"line":49},"3":{"loc":{"start":{"line":50,"column":12},"end":{"line":55,"column":13}},"type":"if","locations":[{"start":{"line":50,"column":12},"end":{"line":55,"column":13}},{"start":{"line":52,"column":18},"end":{"line":55,"column":13}}],"line":50},"4":{"loc":{"start":{"line":51,"column":29},"end":{"line":51,"column":110}},"type":"cond-expr","locations":[{"start":{"line":51,"column":60},"end":{"line":51,"column":89}},{"start":{"line":51,"column":92},"end":{"line":51,"column":110}}],"line":51},"5":{"loc":{"start":{"line":56,"column":12},"end":{"line":62,"column":17}},"type":"if","locations":[{"start":{"line":56,"column":12},"end":{"line":62,"column":17}},{"start":{"line":58,"column":17},"end":{"line":62,"column":17}}],"line":56},"6":{"loc":{"start":{"line":60,"column":33},"end":{"line":60,"column":43}},"type":"binary-expr","locations":[{"start":{"line":60,"column":33},"end":{"line":60,"column":38}},{"start":{"line":60,"column":42},"end":{"line":60,"column":43}}],"line":60},"7":{"loc":{"start":{"line":70,"column":8},"end":{"line":86,"column":5}},"type":"if","locations":[{"start":{"line":70,"column":8},"end":{"line":86,"column":5}},{"start":{"line":84,"column":9},"end":{"line":86,"column":5}}],"line":70},"8":{"loc":{"start":{"line":70,"column":11},"end":{"line":70,"column":95}},"type":"binary-expr","locations":[{"start":{"line":70,"column":11},"end":{"line":70,"column":37}},{"start":{"line":70,"column":41},"end":{"line":70,"column":52}},{"start":{"line":70,"column":56},"end":{"line":70,"column":81}},{"start":{"line":70,"column":85},"end":{"line":70,"column":95}}],"line":70},"9":{"loc":{"start":{"line":71,"column":8},"end":{"line":71,"column":34}},"type":"if","locations":[{"start":{"line":71,"column":8},"end":{"line":71,"column":34}},{"start":{},"end":{}}],"line":71},"10":{"loc":{"start":{"line":91,"column":8},"end":{"line":106,"column":9}},"type":"if","locations":[{"start":{"line":91,"column":8},"end":{"line":106,"column":9}},{"start":{"line":104,"column":13},"end":{"line":106,"column":9}}],"line":91},"11":{"loc":{"start":{"line":91,"column":11},"end":{"line":91,"column":105}},"type":"binary-expr","locations":[{"start":{"line":91,"column":11},"end":{"line":91,"column":37}},{"start":{"line":91,"column":41},"end":{"line":91,"column":52}},{"start":{"line":91,"column":56},"end":{"line":91,"column":86}},{"start":{"line":91,"column":90},"end":{"line":91,"column":105}}],"line":91},"12":{"loc":{"start":{"line":93,"column":8},"end":{"line":102,"column":9}},"type":"if","locations":[{"start":{"line":93,"column":8},"end":{"line":102,"column":9}},{"start":{"line":97,"column":14},"end":{"line":102,"column":9}}],"line":93},"13":{"loc":{"start":{"line":117,"column":12},"end":{"line":130,"column":13}},"type":"if","locations":[{"start":{"line":117,"column":12},"end":{"line":130,"column":13}},{"start":{"line":121,"column":19},"end":{"line":130,"column":13}}],"line":117},"14":{"loc":{"start":{"line":121,"column":19},"end":{"line":130,"column":13}},"type":"if","locations":[{"start":{"line":121,"column":19},"end":{"line":130,"column":13}},{"start":{"line":126,"column":22},"end":{"line":130,"column":13}}],"line":121},"15":{"loc":{"start":{"line":129,"column":23},"end":{"line":129,"column":306}},"type":"cond-expr","locations":[{"start":{"line":129,"column":106},"end":{"line":129,"column":202}},{"start":{"line":129,"column":206},"end":{"line":129,"column":306}}],"line":129}},"s":{"0":8,"1":5,"2":5,"3":0,"4":5,"5":1,"6":1,"7":1,"8":1,"9":1,"10":0,"11":0,"12":1,"13":1,"14":1,"15":1,"16":1,"17":1,"18":1,"19":1,"20":1,"21":1,"22":5,"23":5,"24":5,"25":5,"26":0,"27":0,"28":5,"29":0,"30":5,"31":5,"32":5,"33":1,"34":15,"35":13,"36":2,"37":11,"38":11,"39":11,"40":22,"41":322,"42":22,"43":11,"44":2,"45":15,"46":13,"47":13,"48":5,"49":5,"50":24,"51":8,"52":8,"53":38,"54":8,"55":5,"56":2,"57":2,"58":2,"59":2,"60":2,"61":2,"62":2,"63":2,"64":2,"65":12,"66":0,"67":0,"68":0,"69":0,"70":0,"71":0,"72":0,"73":0,"74":2,"75":2,"76":1},"f":{"0":8,"1":5,"2":1,"3":0,"4":1,"5":5,"6":15,"7":15,"8":2},"b":{"0":[0,1],"1":[1,0],"2":[3,2],"3":[5,0],"4":[3,2],"5":[0,5],"6":[5,0],"7":[13,2],"8":[15,14,14,14],"9":[2,11],"10":[13,2],"11":[15,14,13,13],"12":[5,8],"13":[2,0],"14":[0,0],"15":[0,0]},"_coverageSchema":"1a1c01bbd47fc00a2c39e90264f33305004495a9","hash":"398035c2e29f2e3718c13a89e23d915b91c67d18"}
}
