TN:
SF:polynomial.js
FN:2,(anonymous_0)
FN:6,(anonymous_1)
FN:18,(anonymous_2)
FN:27,(anonymous_3)
FN:38,(anonymous_4)
FN:47,(anonymous_5)
FN:69,(anonymous_6)
FN:90,(anonymous_7)
FN:110,(anonymous_8)
FNF:9
FNH:8
FNDA:8,(anonymous_0)
FNDA:5,(anonymous_1)
FNDA:1,(anonymous_2)
FNDA:0,(anonymous_3)
FNDA:1,(anonymous_4)
FNDA:5,(anonymous_5)
FNDA:15,(anonymous_6)
FNDA:15,(anonymous_7)
FNDA:2,(anonymous_8)
DA:3,8
DA:7,5
DA:8,5
DA:10,0
DA:12,5
DA:19,1
DA:20,1
DA:21,1
DA:23,1
DA:27,1
DA:28,0
DA:29,0
DA:32,1
DA:39,1
DA:40,1
DA:41,1
DA:42,1
DA:43,1
DA:44,1
DA:45,1
DA:46,1
DA:47,1
DA:48,5
DA:49,5
DA:50,5
DA:51,5
DA:53,0
DA:54,0
DA:56,5
DA:57,0
DA:59,5
DA:60,5
DA:61,5
DA:64,1
DA:70,15
DA:71,13
DA:73,11
DA:74,11
DA:77,11
DA:78,22
DA:79,322
DA:81,22
DA:83,11
DA:85,2
DA:91,15
DA:92,13
DA:93,13
DA:94,5
DA:95,24
DA:98,8
DA:99,38
DA:101,8
DA:103,5
DA:105,2
DA:111,2
DA:112,2
DA:113,2
DA:114,2
DA:116,2
DA:117,2
DA:118,2
DA:119,12
DA:121,0
DA:122,0
DA:123,0
DA:124,0
DA:127,0
DA:128,0
DA:129,0
DA:132,2
DA:133,2
DA:137,1
LF:72
LH:59
BRDA:41,0,0,0
BRDA:41,0,1,1
BRDA:42,1,0,1
BRDA:42,1,1,0
BRDA:49,2,0,3
BRDA:49,2,1,2
BRDA:50,3,0,5
BRDA:50,3,1,0
BRDA:51,4,0,3
BRDA:51,4,1,2
BRDA:56,5,0,0
BRDA:56,5,1,5
BRDA:60,6,0,5
BRDA:60,6,1,0
BRDA:70,7,0,13
BRDA:70,7,1,2
BRDA:70,8,0,15
BRDA:70,8,1,14
BRDA:70,8,2,14
BRDA:70,8,3,14
BRDA:71,9,0,2
BRDA:71,9,1,11
BRDA:91,10,0,13
BRDA:91,10,1,2
BRDA:91,11,0,15
BRDA:91,11,1,14
BRDA:91,11,2,13
BRDA:91,11,3,13
BRDA:93,12,0,5
BRDA:93,12,1,8
BRDA:117,13,0,2
BRDA:117,13,1,0
BRDA:121,14,0,0
BRDA:121,14,1,0
BRDA:129,15,0,0
BRDA:129,15,1,0
BRF:36
BRH:26
end_of_record
